0 info it worked if it ends with ok
1 verbose cli [ 'C:\\Program Files\\nodejs\\node.exe',
1 verbose cli   'C:\\Program Files\\nodejs\\node_modules\\npm\\bin\\npm-cli.js',
1 verbose cli   'publish',
1 verbose cli   '.' ]
2 info using npm@3.3.6
3 info using node@v5.0.0
4 verbose publish [ '.' ]
5 silly cache add args [ '.', null ]
6 verbose cache add spec .
7 silly cache add parsed spec Result {
7 silly cache add   raw: '.',
7 silly cache add   scope: null,
7 silly cache add   name: null,
7 silly cache add   rawSpec: '.',
7 silly cache add   spec: 'G:\\github\\ndfront\\nd-upload',
7 silly cache add   type: 'directory' }
8 verbose addLocalDirectory C:\Users\Administrator\AppData\Roaming\npm-cache\nd-upload\3.1.0\package.tgz not in flight; packing
9 info lifecycle nd-upload@3.1.0~prepublish: nd-upload@3.1.0
10 verbose lifecycle nd-upload@3.1.0~prepublish: unsafe-perm in lifecycle true
11 verbose lifecycle nd-upload@3.1.0~prepublish: PATH: C:\Program Files\nodejs\node_modules\npm\bin\node-gyp-bin;G:\github\ndfront\nd-upload\node_modules\.bin;D:\web\cmder\bin;D:\web\cmder\vendor\msysgit\bin;D:\web\cmder\vendor\msysgit\mingw\bin;D:\web\cmder\vendor\msysgit\cmd;D:\web\cmder\vendor\msysgit\share\vim\vim74;D:\web\cmder;D:\web\cmder\vendor\conemu-maximus5\ConEmu;D:\web\cmder\vendor\conemu-maximus5;C:\windows\system32;C:\windows;C:\windows\System32\Wbem;C:\windows\System32\WindowsPowerShell\v1.0\;C:\Program Files\TortoiseSVN\bin;C:\Program Files (x86)\Microsoft SQL Server\80\Tools\Binn\;C:\Program Files\nodejs\;D:\web\cmder;D:\web\ruby\Ruby22-x64\bin;C:\Users\Administrator\AppData\Roaming\npm;C:\Users\Administrator\AppData\Local\atom\bin
12 verbose lifecycle nd-upload@3.1.0~prepublish: CWD: G:\github\ndfront\nd-upload
13 silly lifecycle nd-upload@3.1.0~prepublish: Args: [ '/d /s /c', 'npm run lint' ]
14 silly lifecycle nd-upload@3.1.0~prepublish: Returned: code: 1  signal: null
15 info lifecycle nd-upload@3.1.0~prepublish: Failed to exec prepublish script
16 error addLocal Could not install G:\github\ndfront\nd-upload
17 verbose stack Error: nd-upload@3.1.0 prepublish: `npm run lint`
17 verbose stack Exit status 1
17 verbose stack     at EventEmitter.<anonymous> (C:\Program Files\nodejs\node_modules\npm\lib\utils\lifecycle.js:233:16)
17 verbose stack     at emitTwo (events.js:87:13)
17 verbose stack     at EventEmitter.emit (events.js:172:7)
17 verbose stack     at ChildProcess.<anonymous> (C:\Program Files\nodejs\node_modules\npm\lib\utils\spawn.js:24:14)
17 verbose stack     at emitTwo (events.js:87:13)
17 verbose stack     at ChildProcess.emit (events.js:172:7)
17 verbose stack     at maybeClose (internal/child_process.js:818:16)
17 verbose stack     at Process.ChildProcess._handle.onexit (internal/child_process.js:211:5)
18 verbose pkgid nd-upload@3.1.0
19 verbose cwd G:\github\ndfront\nd-upload
20 error Windows_NT 6.1.7601
21 error argv "C:\\Program Files\\nodejs\\node.exe" "C:\\Program Files\\nodejs\\node_modules\\npm\\bin\\npm-cli.js" "publish" "."
22 error node v5.0.0
23 error npm  v3.3.6
24 error code ELIFECYCLE
25 error nd-upload@3.1.0 prepublish: `npm run lint`
25 error Exit status 1
26 error Failed at the nd-upload@3.1.0 prepublish script 'npm run lint'.
26 error This is most likely a problem with the nd-upload package,
26 error not with npm itself.
26 error Tell the author that this fails on your system:
26 error     npm run lint
26 error You can get their info via:
26 error     npm owner ls nd-upload
26 error There is likely additional logging output above.
27 verbose exit [ 1, true ]
